<?xml version="1.0" encoding="UTF-8"?>
<!-- Generated by org.testng.reporters.JUnitXMLReporter -->
<testsuite ignored="0" hostname="Ameet" failures="0" tests="8" name="Default test" time="27.166" errors="0" timestamp="2025-03-24T20:01:18 IST">
  <testcase classname="testcases.RestAssured_TestCases_PL1" name="getAllDepartmentsTest" time="11.663"/>
  <testcase classname="testcases.RestAssured_TestCases_PL1" name="getAllItemsTest" time="1.149"/>
  <testcase classname="testcases.RestAssured_TestCases_PL1" name="getIncentiveSummary" time="6.084"/>
  <testcase classname="testcases.RestAssured_TestCases_PL1" name="getIncentiveReffSummary" time="1.996"/>
  <testcase classname="testcases.RestAssured_TestCases_PL1" name="getHospitalIncomeIncReport" time="1.418"/>
  <testcase classname="testcases.RestAssured_TestCases_PL1" name="getIncenEmpBillItems" time="1.985"/>
  <testcase classname="testcases.RestAssured_TestCases_PL1" name="getInventoryFiscalYears" time="0.824"/>
  <testcase classname="testcases.RestAssured_TestCases_PL1" name="activateInventory" time="1.557"/>
</testsuite> <!-- Default test -->
